Command: fasttree -lg -log log/Acot2.mafft_aligned.fasttree_lg.log intermediate/Acot2.mafft_aligned.faa
FastTree Version 2.1.11 SSE3
Alignment: intermediate/Acot2.mafft_aligned.faa
Amino acid distances: BLOSUM45 Joins: balanced Support: SH-like 1000
Search: Normal +NNI +SPR (2 rounds range 10) +ML-NNI opt-each=1
TopHits: 1.00*sqrtN close=default refresh=0.80
ML Model: Le-Gascuel 2008, CAT approximation with 20 rate categories
Read 8 sequences, 731 positions
NJ	(sp|P49753|ACOT2_HUMAN:0.00926,sp|Q86TX2|ACOT1_HUMAN:-0.00069,(sp|Q8N9L9|ACOT4_HUMAN:0.08726,(sp|Q9NPJ3|ACO13_HUMAN:0.30900,(sp|Q8WYK0|ACO12_HUMAN:0.31412,(sp|Q6ZUV0|BACHL_HUMAN:0.31937,(sp|Q8N1Q8|THEM5_HUMAN:0.35888,sp|O14734|ACOT8_HUMAN:0.32733):0.04261):0.09377):0.06950):0.21477):0.03116);
ME_NNI1	(sp|P49753|ACOT2_HUMAN:0.00926,sp|Q86TX2|ACOT1_HUMAN:-0.00069,(sp|Q8N9L9|ACOT4_HUMAN:0.08726,(sp|Q9NPJ3|ACO13_HUMAN:0.30900,(sp|Q8WYK0|ACO12_HUMAN:0.31412,(sp|Q6ZUV0|BACHL_HUMAN:0.31937,(sp|Q8N1Q8|THEM5_HUMAN:0.35888,sp|O14734|ACOT8_HUMAN:0.32733):0.04261):0.09377):0.06950):0.21477):0.03116);
Min_evolution NNIs converged at round 1 -- skipping some rounds
ME_SPR1	(sp|P49753|ACOT2_HUMAN:0.00926,sp|Q86TX2|ACOT1_HUMAN:-0.00069,(sp|Q8N9L9|ACOT4_HUMAN:0.08726,(sp|Q9NPJ3|ACO13_HUMAN:0.30900,(sp|Q8WYK0|ACO12_HUMAN:0.31412,(sp|Q6ZUV0|BACHL_HUMAN:0.31937,(sp|Q8N1Q8|THEM5_HUMAN:0.35888,sp|O14734|ACOT8_HUMAN:0.32733):0.04261):0.09377):0.06950):0.21477):0.03116);
ME_NNI5	(sp|P49753|ACOT2_HUMAN:0.00926,sp|Q86TX2|ACOT1_HUMAN:-0.00069,(sp|Q8N9L9|ACOT4_HUMAN:0.08726,(sp|Q9NPJ3|ACO13_HUMAN:0.30900,(sp|Q8WYK0|ACO12_HUMAN:0.31412,(sp|Q6ZUV0|BACHL_HUMAN:0.31937,(sp|Q8N1Q8|THEM5_HUMAN:0.35888,sp|O14734|ACOT8_HUMAN:0.32733):0.04261):0.09377):0.06950):0.21477):0.03116);
Min_evolution NNIs converged at round 5 -- skipping some rounds
ME_SPR2	(sp|P49753|ACOT2_HUMAN:0.00926,sp|Q86TX2|ACOT1_HUMAN:-0.00069,(sp|Q8N9L9|ACOT4_HUMAN:0.08726,(sp|Q9NPJ3|ACO13_HUMAN:0.30900,(sp|Q8WYK0|ACO12_HUMAN:0.31412,(sp|Q6ZUV0|BACHL_HUMAN:0.31937,(sp|Q8N1Q8|THEM5_HUMAN:0.35888,sp|O14734|ACOT8_HUMAN:0.32733):0.04261):0.09377):0.06950):0.21477):0.03116);
ME_NNI9	(sp|P49753|ACOT2_HUMAN:0.00926,sp|Q86TX2|ACOT1_HUMAN:-0.00069,(sp|Q8N9L9|ACOT4_HUMAN:0.08726,(sp|Q9NPJ3|ACO13_HUMAN:0.30900,(sp|Q8WYK0|ACO12_HUMAN:0.31412,(sp|Q6ZUV0|BACHL_HUMAN:0.31937,(sp|Q8N1Q8|THEM5_HUMAN:0.35888,sp|O14734|ACOT8_HUMAN:0.32733):0.04261):0.09377):0.06950):0.21477):0.03116);
Min_evolution NNIs converged at round 9 -- skipping some rounds
ME_Lengths	(sp|P49753|ACOT2_HUMAN:0.01596,sp|Q86TX2|ACOT1_HUMAN:-0.00477,(sp|Q8N9L9|ACOT4_HUMAN:0.23340,(sp|Q9NPJ3|ACO13_HUMAN:0.66996,(sp|Q8WYK0|ACO12_HUMAN:0.62144,(sp|Q6ZUV0|BACHL_HUMAN:0.58674,(sp|Q8N1Q8|THEM5_HUMAN:0.81101,sp|O14734|ACOT8_HUMAN:0.69572):0.25432):0.46048):0.34940):0.27507):0.11928);
Total branch-length 5.098 after 0.03 sec
ML_Lengths1	(sp|P49753|ACOT2_HUMAN:0.00847,sp|Q86TX2|ACOT1_HUMAN:0.00484,(sp|Q8N9L9|ACOT4_HUMAN:0.28807,(sp|Q9NPJ3|ACO13_HUMAN:0.73373,(sp|Q8WYK0|ACO12_HUMAN:0.80986,(sp|Q6ZUV0|BACHL_HUMAN:0.76084,(sp|Q8N1Q8|THEM5_HUMAN:1.08934,sp|O14734|ACOT8_HUMAN:0.87912):0.29630):0.85252):0.52154):0.47542):0.14245);
ML_NNI1	(sp|P49753|ACOT2_HUMAN:0.00815,sp|Q86TX2|ACOT1_HUMAN:0.00493,(sp|Q8N9L9|ACOT4_HUMAN:0.27711,(sp|Q9NPJ3|ACO13_HUMAN:0.67941,(sp|Q8WYK0|ACO12_HUMAN:0.75921,(sp|Q6ZUV0|BACHL_HUMAN:0.79326,(sp|Q8N1Q8|THEM5_HUMAN:1.11888,sp|O14734|ACOT8_HUMAN:0.83726):0.28041):0.83398):0.50620):0.50323):0.14711);
TreeLogLk	ML_NNI1	-5972.5398	MaxChange	0.0000
NCategories	20
Rates 0.068021 0.093238 0.127803 0.175183 0.240128 0.329149 0.451174 0.618435 0.847705 1.161971 1.592743 2.183214 2.992587 4.102015 5.622738 7.707231 10.564499 14.481030 19.849518 27.208242
SiteCategories 9 9 9 9 9 11 10 8 10 8 10 10 8 8 9 9 10 9 11 9 10 6 10 10 11 8 9 9 8 8 11 9 9 9 11 9 10 11 9 10 9 10 10 10 8 9 9 8 11 9 8 9 10 11 9 9 6 9 9 9 9 9 9 9 9 9 9 9 9 9 10 11 10 9 8 11 10 10 10 8 10 11 10 10 8 8 9 9 9 10 9 9 11 11 9 9 10 10 10 7 9 9 9 9 9 9 9 9 9 11 11 9 10 8 8 8 10 7 10 10 9 11 10 9 6 10 9 9 10 10 9 10 9 9 9 9 7 11 12 9 9 9 10 11 8 9 10 10 10 10 11 10 8 11 11 8 7 9 9 9 8 10 8 9 10 11 9 10 11 10 9 8 10 9 7 11 10 7 9 10 9 9 9 7 9 9 9 9 8 9 9 10 8 9 9 9 8 8 9 8 9 7 10 12 11 9 9 10 10 10 10 9 9 10 10 9 10 11 7 8 9 9 9 9 10 9 9 10 11 12 11 10 8 11 10 10 11 11 10 8 9 11 11 9 11 11 10 9 9 9 9 9 9 10 10 9 11 9 11 11 9 11 10 11 9 11 11 10 8 10 8 11 9 9 9 9 9 8 11 10 7 9 11 10 10 10 7 10 10 10 8 11 9 10 10 9 10 10 10 9 9 9 9 9 9 9 9 9 9 9 9 9 9 9 8 9 11 10 10 9 6 11 9 9 9 9 9 9 10 9 10 8 9 9 8 10 9 9 6 10 9 11 9 9 9 9 9 9 9 9 9 9 9 9 9 9 8 11 10 8 9 9 9 9 9 8 10 8 10 10 10 9 11 8 9 10 10 8 7 11 10 8 11 9 11 9 9 11 8 9 9 9 9 9 9 9 9 9 9 9 9 9 9 9 9 9 10 10 11 11 12 10 10 10 11 10 11 11 8 10 9 9 7 10 9 9 9 10 8 10 10 11 11 10 10 6 8 8 10 9 9 10 10 10 9 11 8 10 10 10 10 9 7 11 11 11 10 11 9 9 9 9 9 9 9 9 9 9 9 9 9 9 9 9 9 9 9 9 9 9 9 11 8 11 8 10 11 10 10 10 11 12 10 12 9 9 11 9 10 12 10 10 10 9 9 10 9 11 10 10 10 9 9 9 9 10 11 10 9 11 10 9 8 9 9 10 11 9 11 10 10 11 9 11 11 10 9 10 10 9 11 11 9 9 7 10 9 10 10 9 11 11 8 9 8 9 8 9 9 9 10 9 9 10 8 10 9 9 9 9 9 9 9 9 10 8 11 11 12 11 9 10 8 10 9 9 10 9 8 9 9 9 9 9 9 9 9 9 9 9 9 9 9 9 9 9 9 9 9 9 9 9 9 9 9 9 9 10 6 9 9 9 10 11 9 10 8 9 8 10 9 9 10 10 9 9 10 8 10 8 7 11 10 10 11 8 5 9 9 9 9 9 9 9 9 9 8 8 11 9 10 10 11 9 11 10 10 8 9 8 10 9 7 9 9 9 7 10 10 9 9 10 9 10 9 9 9 11 11 9 8 9 10 10 9 8 9 10 11 9 9 9 9 9 11 10 8 10 11 10 9 11 10 9 9 9 9 9 9 9 9 9 9 9 9 9 9 9 9 9 9
ML_NNI2	(sp|P49753|ACOT2_HUMAN:0.00815,sp|Q86TX2|ACOT1_HUMAN:0.00493,(sp|Q8N9L9|ACOT4_HUMAN:0.27711,(sp|Q9NPJ3|ACO13_HUMAN:0.67941,(sp|Q8WYK0|ACO12_HUMAN:0.75921,(sp|Q6ZUV0|BACHL_HUMAN:0.78013,(sp|Q8N1Q8|THEM5_HUMAN:1.19097,sp|O14734|ACOT8_HUMAN:0.78626):0.26879):0.92565):0.53927):0.49018):0.13800);
TreeLogLk	ML_NNI2	-5783.3879	MaxChange	0.0000
Turning off heuristics for final round of ML NNIs (converged)
ML_NNI3	(sp|P49753|ACOT2_HUMAN:0.00775,sp|Q86TX2|ACOT1_HUMAN:0.00449,(sp|Q8N9L9|ACOT4_HUMAN:0.29021,(sp|Q9NPJ3|ACO13_HUMAN:0.63807,(sp|Q8WYK0|ACO12_HUMAN:0.74294,(sp|Q6ZUV0|BACHL_HUMAN:0.77604,(sp|Q8N1Q8|THEM5_HUMAN:1.19283,sp|O14734|ACOT8_HUMAN:0.78548):0.27449):0.91923):0.55366):0.50316):0.13218);
TreeLogLk	ML_NNI3	-5783.2733	MaxChange	0.0000
ML_Lengths2	(sp|P49753|ACOT2_HUMAN:0.00794,sp|Q86TX2|ACOT1_HUMAN:0.00442,(sp|Q8N9L9|ACOT4_HUMAN:0.29232,(sp|Q9NPJ3|ACO13_HUMAN:0.63679,(sp|Q8WYK0|ACO12_HUMAN:0.73861,(sp|Q6ZUV0|BACHL_HUMAN:0.77466,(sp|Q8N1Q8|THEM5_HUMAN:1.19283,sp|O14734|ACOT8_HUMAN:0.78469):0.27629):0.91923):0.55504):0.50467):0.12817);
TreeLogLk	ML_Lengths2	-5783.2663
Total time: 0.40 seconds Unique: 8/8 Bad splits: 0/5
Dist/N**2: by-profile 13.500 (out 0.516) by-leaf 1.547 avg-prof 7.844
 Hill-climb: 0 Update-best: 3
NNI: 0 SPR: 0 ML-NNI: 0
Max-lk operations: lk 4139 posterior 646 approximate-posteriors 0.00% star-only 4
TreeCompleted
