Command: fasttree -lg -log log/DsrA.mafft_aligned.fasttree_lg.log intermediate/DsrA.mafft_aligned.faa
FastTree Version 2.1.11 SSE3
Alignment: intermediate/DsrA.mafft_aligned.faa
Amino acid distances: BLOSUM45 Joins: balanced Support: SH-like 1000
Search: Normal +NNI +SPR (2 rounds range 10) +ML-NNI opt-each=1
TopHits: 1.00*sqrtN close=default refresh=0.80
ML Model: Le-Gascuel 2008, CAT approximation with 20 rate categories
Read 5 sequences, 497 positions
NJ	(sp|P45574|DSVA_DESVH:0.03873,sp|P94693|DSVA_DESGG:0.09920,(sp|Q59109|DSRA_ARCFU:0.12824,(sp|P0A6X3|HFQ_ECOLI:0.30706,sp|P0DMC9|RCSA_ECOLI:0.32352):0.29856):0.02496);
ME_NNI1	(sp|P45574|DSVA_DESVH:0.03873,sp|P94693|DSVA_DESGG:0.09920,(sp|Q59109|DSRA_ARCFU:0.12824,(sp|P0A6X3|HFQ_ECOLI:0.30706,sp|P0DMC9|RCSA_ECOLI:0.32352):0.29856):0.02496);
Min_evolution NNIs converged at round 1 -- skipping some rounds
ME_SPR1	(sp|P45574|DSVA_DESVH:0.03873,sp|P94693|DSVA_DESGG:0.09920,(sp|Q59109|DSRA_ARCFU:0.12824,(sp|P0A6X3|HFQ_ECOLI:0.30706,sp|P0DMC9|RCSA_ECOLI:0.32352):0.29856):0.02496);
ME_NNI4	(sp|P45574|DSVA_DESVH:0.03873,sp|P94693|DSVA_DESGG:0.09920,(sp|Q59109|DSRA_ARCFU:0.12824,(sp|P0A6X3|HFQ_ECOLI:0.30706,sp|P0DMC9|RCSA_ECOLI:0.32352):0.29856):0.02496);
Min_evolution NNIs converged at round 4 -- skipping some rounds
ME_SPR2	(sp|P45574|DSVA_DESVH:0.03873,sp|P94693|DSVA_DESGG:0.09920,(sp|Q59109|DSRA_ARCFU:0.12824,(sp|P0A6X3|HFQ_ECOLI:0.30706,sp|P0DMC9|RCSA_ECOLI:0.32352):0.29856):0.02496);
ME_NNI7	(sp|P45574|DSVA_DESVH:0.03873,sp|P94693|DSVA_DESGG:0.09920,(sp|Q59109|DSRA_ARCFU:0.12824,(sp|P0A6X3|HFQ_ECOLI:0.30706,sp|P0DMC9|RCSA_ECOLI:0.32352):0.29856):0.02496);
Min_evolution NNIs converged at round 7 -- skipping some rounds
ME_Lengths	(sp|P45574|DSVA_DESVH:0.02292,sp|P94693|DSVA_DESGG:0.17002,(sp|Q59109|DSRA_ARCFU:0.30710,(sp|P0A6X3|HFQ_ECOLI:0.60975,sp|P0DMC9|RCSA_ECOLI:0.68484):0.80074):0.15094);
Total branch-length 2.746 after 0.01 sec
ML_Lengths1	(sp|P45574|DSVA_DESVH:0.10467,sp|P94693|DSVA_DESGG:0.10234,(sp|Q59109|DSRA_ARCFU:0.46124,(sp|P0A6X3|HFQ_ECOLI:0.66941,sp|P0DMC9|RCSA_ECOLI:1.10129):1.43773):0.13359);
ML_NNI1	(sp|P45574|DSVA_DESVH:0.10926,sp|P94693|DSVA_DESGG:0.10125,(sp|Q59109|DSRA_ARCFU:0.42405,(sp|P0A6X3|HFQ_ECOLI:0.70485,sp|P0DMC9|RCSA_ECOLI:1.05709):1.40311):0.15474);
TreeLogLk	ML_NNI1	-3001.3969	MaxChange	0.0000
NCategories	20
Rates 0.068705 0.094175 0.129089 0.176945 0.242543 0.332460 0.455711 0.624655 0.856231 1.173657 1.608762 2.205171 3.022685 4.143271 5.679288 7.784746 10.670751 14.626672 20.049154 27.481888
SiteCategories 6 9 9 9 9 8 9 11 9 9 10 9 9 10 9 9 9 9 8 9 8 10 10 8 9 10 10 9 10 9 10 11 10 9 11 10 10 9 11 9 11 10 10 9 11 10 10 9 11 10 9 9 10 11 9 9 10 8 9 11 10 10 10 8 9 9 9 9 9 9 8 8 10 8 10 9 9 9 9 9 8 8 9 9 9 10 9 10 11 9 10 10 9 10 8 10 9 9 9 8 10 9 10 11 8 9 8 9 11 10 9 8 10 11 10 9 9 11 9 9 9 10 9 10 11 10 9 8 9 9 8 8 10 9 9 8 8 9 9 8 10 10 9 9 8 10 10 10 11 9 10 10 11 9 11 10 9 11 9 8 9 11 10 9 9 9 10 9 9 8 8 9 10 8 10 9 10 10 10 9 10 9 10 10 10 9 9 9 9 9 9 9 10 10 10 10 9 9 10 9 8 8 10 9 8 9 9 9 9 9 9 10 10 9 9 9 9 9 10 9 10 10 10 9 9 8 10 9 8 9 8 11 9 9 8 9 9 10 10 8 9 8 10 10 8 10 10 9 11 10 9 10 10 9 9 11 7 10 11 10 9 10 10 7 11 10 9 9 9 9 10 9 9 9 9 9 10 11 9 6 7 10 9 9 9 9 9 12 11 7 10 9 10 10 10 10 10 10 11 11 11 9 10 9 10 7 10 10 7 10 9 9 9 9 9 9 9 9 7 9 9 9 9 7 7 10 9 8 10 9 8 10 11 9 9 9 9 9 8 10 8 9 11 9 10 9 8 9 11 10 10 9 8 10 10 9 10 10 10 9 10 7 10 9 10 9 10 10 9 8 7 8 10 10 10 10 11 8 9 10 10 11 9 9 11 9 9 9 9 10 9 9 9 11 8 9 10 9 11 10 12 10 10 11 11 10 9 9 10 8 10 11 11 10 10 9 9 9 9 9 9 9 9 11 10 10 11 9 9 11 10 10 10 8 10 10 10 9 9 9 8 8 10 8 8 9 9 9 9 9 9 9 9 9 9 9 9 10 11 10 11 9 10 9 10 11 11 10 10 10 10 11 9 10 9 10 9 9 9 9 9 9 10 11 8 9 9 9 9 9 9 9 9 9 10 8 9
ML_NNI2	(sp|P45574|DSVA_DESVH:0.10926,sp|P94693|DSVA_DESGG:0.10125,(sp|Q59109|DSRA_ARCFU:0.42405,(sp|P0A6X3|HFQ_ECOLI:0.70485,sp|P0DMC9|RCSA_ECOLI:1.05709):1.40311):0.18703);
TreeLogLk	ML_NNI2	-2905.3735	MaxChange	0.0000
Turning off heuristics for final round of ML NNIs (converged)
ML_NNI3	(sp|P45574|DSVA_DESVH:0.11344,sp|P94693|DSVA_DESGG:0.08985,(sp|Q59109|DSRA_ARCFU:0.44657,(sp|P0A6X3|HFQ_ECOLI:0.69877,sp|P0DMC9|RCSA_ECOLI:1.03124):1.40571):0.17285);
TreeLogLk	ML_NNI3	-2905.2449	MaxChange	0.0000
ML_Lengths2	(sp|P45574|DSVA_DESVH:0.11484,sp|P94693|DSVA_DESGG:0.08936,(sp|Q59109|DSRA_ARCFU:0.45089,(sp|P0A6X3|HFQ_ECOLI:0.71675,sp|P0DMC9|RCSA_ECOLI:1.01922):1.40666):0.16110);
TreeLogLk	ML_Lengths2	-2905.2231
Total time: 0.21 seconds Unique: 5/5 Bad splits: 0/2
Dist/N**2: by-profile 12.360 (out 0.480) by-leaf 1.560 avg-prof 5.160
 Hill-climb: 0 Update-best: 1
NNI: 0 SPR: 0 ML-NNI: 0
Max-lk operations: lk 1917 posterior 291 approximate-posteriors 0.00% star-only 2
TreeCompleted
