Command: fasttree -lg -log log/ppt1.mafft_aligned.fasttree_lg.log intermediate/ppt1.mafft_aligned.faa
FastTree Version 2.1.11 SSE3
Alignment: intermediate/ppt1.mafft_aligned.faa
Amino acid distances: BLOSUM45 Joins: balanced Support: SH-like 1000
Search: Normal +NNI +SPR (2 rounds range 10) +ML-NNI opt-each=1
TopHits: 1.00*sqrtN close=default refresh=0.80
ML Model: Le-Gascuel 2008, CAT approximation with 20 rate categories
Read 7 sequences, 350 positions
NJ	(tr|Q5JZR0|Q5JZR0_CANLF:0.03515,(tr|A0A286YFF7|A0A286YFF7_HUMAN:0.02422,(sp|P45479|PPT1_RAT:0.08401,tr|F6Z4J7|F6Z4J7_MONDO:0.10410):0.01170):0.00675,(tr|A0A3Q2HGX2|A0A3Q2HGX2_HORSE:0.02945,(sp|P45478|PPT1_BOVIN:0.02112,tr|A0A287AYH9|A0A287AYH9_PIG:0.03023):0.01291):0.00055);
ME_NNI1	(tr|Q5JZR0|Q5JZR0_CANLF:0.03515,(tr|A0A286YFF7|A0A286YFF7_HUMAN:0.02422,(sp|P45479|PPT1_RAT:0.08401,tr|F6Z4J7|F6Z4J7_MONDO:0.10410):0.01170):0.00675,(tr|A0A3Q2HGX2|A0A3Q2HGX2_HORSE:0.02945,(sp|P45478|PPT1_BOVIN:0.02112,tr|A0A287AYH9|A0A287AYH9_PIG:0.03023):0.01291):0.00055);
Min_evolution NNIs converged at round 1 -- skipping some rounds
ME_SPR1	(tr|Q5JZR0|Q5JZR0_CANLF:0.03515,(tr|A0A286YFF7|A0A286YFF7_HUMAN:0.02422,(sp|P45479|PPT1_RAT:0.08401,tr|F6Z4J7|F6Z4J7_MONDO:0.10410):0.01170):0.00675,(tr|A0A3Q2HGX2|A0A3Q2HGX2_HORSE:0.02945,(sp|P45478|PPT1_BOVIN:0.02112,tr|A0A287AYH9|A0A287AYH9_PIG:0.03023):0.01291):0.00055);
ME_NNI4	(tr|Q5JZR0|Q5JZR0_CANLF:0.03515,(tr|A0A286YFF7|A0A286YFF7_HUMAN:0.02422,(sp|P45479|PPT1_RAT:0.08401,tr|F6Z4J7|F6Z4J7_MONDO:0.10410):0.01170):0.00675,(tr|A0A3Q2HGX2|A0A3Q2HGX2_HORSE:0.02945,(sp|P45478|PPT1_BOVIN:0.02112,tr|A0A287AYH9|A0A287AYH9_PIG:0.03023):0.01291):0.00055);
Min_evolution NNIs converged at round 4 -- skipping some rounds
ME_SPR2	(tr|Q5JZR0|Q5JZR0_CANLF:0.03515,(tr|A0A286YFF7|A0A286YFF7_HUMAN:0.02422,(sp|P45479|PPT1_RAT:0.08401,tr|F6Z4J7|F6Z4J7_MONDO:0.10410):0.01170):0.00675,(tr|A0A3Q2HGX2|A0A3Q2HGX2_HORSE:0.02945,(sp|P45478|PPT1_BOVIN:0.02112,tr|A0A287AYH9|A0A287AYH9_PIG:0.03023):0.01291):0.00055);
ME_NNI7	(tr|Q5JZR0|Q5JZR0_CANLF:0.03515,(tr|A0A286YFF7|A0A286YFF7_HUMAN:0.02422,(sp|P45479|PPT1_RAT:0.08401,tr|F6Z4J7|F6Z4J7_MONDO:0.10410):0.01170):0.00675,(tr|A0A3Q2HGX2|A0A3Q2HGX2_HORSE:0.02945,(sp|P45478|PPT1_BOVIN:0.02112,tr|A0A287AYH9|A0A287AYH9_PIG:0.03023):0.01291):0.00055);
Min_evolution NNIs converged at round 7 -- skipping some rounds
ME_Lengths	(tr|Q5JZR0|Q5JZR0_CANLF:0.04739,(tr|A0A286YFF7|A0A286YFF7_HUMAN:0.02903,(sp|P45479|PPT1_RAT:0.12128,tr|F6Z4J7|F6Z4J7_MONDO:0.14964):0.01660):0.01052,(tr|A0A3Q2HGX2|A0A3Q2HGX2_HORSE:0.03928,(sp|P45478|PPT1_BOVIN:0.02741,tr|A0A287AYH9|A0A287AYH9_PIG:0.04112):0.01809):0.00077);
Total branch-length 0.501 after 0.01 sec
ML_Lengths1	(tr|Q5JZR0|Q5JZR0_CANLF:0.04957,(tr|A0A286YFF7|A0A286YFF7_HUMAN:0.02336,(sp|P45479|PPT1_RAT:0.13491,tr|F6Z4J7|F6Z4J7_MONDO:0.17561):0.01751):0.02664,(tr|A0A3Q2HGX2|A0A3Q2HGX2_HORSE:0.05120,(sp|P45478|PPT1_BOVIN:0.03339,tr|A0A287AYH9|A0A287AYH9_PIG:0.04629):0.02137):0.00054);
ML_NNI1	((sp|P45478|PPT1_BOVIN:0.03339,tr|A0A287AYH9|A0A287AYH9_PIG:0.04622):0.02058,(tr|A0A286YFF7|A0A286YFF7_HUMAN:0.02359,(sp|P45479|PPT1_RAT:0.13281,tr|F6Z4J7|F6Z4J7_MONDO:0.17674):0.01758):0.02423,(tr|A0A3Q2HGX2|A0A3Q2HGX2_HORSE:0.04498,tr|Q5JZR0|Q5JZR0_CANLF:0.04332):0.00911);
TreeLogLk	ML_NNI1	-1958.6250	MaxChange	4.2985
NCategories	20
Rates 0.069147 0.094782 0.129920 0.178084 0.244105 0.334601 0.458646 0.628678 0.861744 1.181215 1.619122 2.219372 3.042150 4.169952 5.715861 7.834877 10.739467 14.720861 20.178263 27.658859
SiteCategories 8 9 10 11 11 12 11 12 9 9 9 10 11 9 10 9 12 11 12 11 10 12 12 10 11 12 11 11 10 9 11 11 9 10 9 9 8 8 9 9 9 8 9 9 9 9 9 9 9 9 9 9 9 9 9 9 9 9 9 9 9 9 9 9 9 9 9 9 9 9 9 9 9 8 9 9 9 9 10 8 8 9 10 8 9 9 8 8 9 10 10 8 9 9 8 10 8 9 8 9 10 8 9 9 10 11 12 9 9 8 9 9 8 9 9 9 9 8 9 11 9 8 11 11 10 9 10 11 9 10 9 9 9 9 9 10 10 9 9 9 9 10 9 9 8 9 9 9 9 9 9 9 9 8 9 9 9 9 9 11 9 9 8 11 11 9 8 10 11 9 9 9 10 9 9 10 11 9 10 9 9 9 9 9 10 8 8 9 8 9 9 11 8 9 9 10 9 9 10 9 9 9 12 9 11 11 9 9 9 9 8 9 9 10 9 9 9 9 9 8 10 9 10 12 9 9 9 10 8 10 9 9 9 9 8 9 9 9 9 9 9 9 9 9 9 9 9 9 9 9 11 11 9 9 10 9 10 11 10 9 8 9 9 9 9 9 8 8 8 9 9 10 9 9 10 10 8 9 9 8 9 8 9 9 9 9 9 9 9 8 9 9 9 9 9 9 8 9 9 9 10 10 12 9 9 9 10 9 9 9 9 9 10 11 8 9 11 10 9 11 9 8 9 9 10 12 9 9 9 9 9 9 11 10 11 10 9 9 10 10 10 10 10 9 9 9 12 9 9 9
ML_NNI2	((sp|P45478|PPT1_BOVIN:0.03290,tr|A0A287AYH9|A0A287AYH9_PIG:0.04705):0.02099,(tr|A0A286YFF7|A0A286YFF7_HUMAN:0.02376,(sp|P45479|PPT1_RAT:0.13934,tr|F6Z4J7|F6Z4J7_MONDO:0.18604):0.01467):0.02402,(tr|A0A3Q2HGX2|A0A3Q2HGX2_HORSE:0.04546,tr|Q5JZR0|Q5JZR0_CANLF:0.04374):0.00878);
TreeLogLk	ML_NNI2	-1881.1948	MaxChange	0.0000
Turning off heuristics for final round of ML NNIs (converged)
ML_NNI3	((sp|P45478|PPT1_BOVIN:0.03282,tr|A0A287AYH9|A0A287AYH9_PIG:0.04705):0.02097,(tr|A0A286YFF7|A0A286YFF7_HUMAN:0.02375,(sp|P45479|PPT1_RAT:0.13934,tr|F6Z4J7|F6Z4J7_MONDO:0.18604):0.01470):0.02390,(tr|A0A3Q2HGX2|A0A3Q2HGX2_HORSE:0.04546,tr|Q5JZR0|Q5JZR0_CANLF:0.04372):0.00878);
TreeLogLk	ML_NNI3	-1881.1948	MaxChange	0.0000
ML_Lengths2	((sp|P45478|PPT1_BOVIN:0.03279,tr|A0A287AYH9|A0A287AYH9_PIG:0.04705):0.02099,(tr|A0A286YFF7|A0A286YFF7_HUMAN:0.02372,(sp|P45479|PPT1_RAT:0.13948,tr|F6Z4J7|F6Z4J7_MONDO:0.18604):0.01470):0.02389,(tr|A0A3Q2HGX2|A0A3Q2HGX2_HORSE:0.04550,tr|Q5JZR0|Q5JZR0_CANLF:0.04372):0.00879);
TreeLogLk	ML_Lengths2	-1881.1947
Total time: 0.25 seconds Unique: 7/7 Bad splits: 0/4
Dist/N**2: by-profile 14.776 (out 0.510) by-leaf 1.633 avg-prof 6.367
 Hill-climb: 0 Update-best: 3
NNI: 0 SPR: 0 ML-NNI: 1
Max-lk operations: lk 4158 posterior 647 approximate-posteriors 0.00% star-only 0
TreeCompleted
